<?xml version="1.0" encoding="UTF-8"?>
<!-- Generated by org.testng.reporters.JUnitReportReporter -->
<testsuite hostname="DESKTOP-MQRDEJF" failures="0" tests="1" name="test.SwapiTest" time="0.367" errors="0" timestamp="2023-11-06T21:10:53 ART" skipped="0">
  <testcase classname="test.SwapiTest" name="PeopleEndpointTest" time="0.367"/>
  <system-out/>
</testsuite> <!-- test.SwapiTest -->
